/home/ana/imav_ws/src/imav24/install/imav24/lib/python3.10/site-packages/imav24/joystick_control.py
/home/ana/imav_ws/src/imav24/install/imav24/lib/python3.10/site-packages/imav24/__init__.py
/home/ana/imav_ws/src/imav24/install/imav24/lib/python3.10/site-packages/imav24/SetPhoto.py
/home/ana/imav_ws/src/imav24/install/imav24/lib/python3.10/site-packages/imav24/photographer_outdoor.py
/home/ana/imav_ws/src/imav24/install/imav24/lib/python3.10/site-packages/imav24/ControlPID_Indoor_line.py
/home/ana/imav_ws/src/imav24/install/imav24/lib/python3.10/site-packages/imav24/indoor_smach.py
/home/ana/imav_ws/src/imav24/install/imav24/lib/python3.10/site-packages/imav24/go_to_waypoint.py
/home/ana/imav_ws/src/imav24/install/imav24/lib/python3.10/site-packages/imav24/aruco_control.py
/home/ana/imav_ws/src/imav24/install/imav24/lib/python3.10/site-packages/imav24/line_follower.py
/home/ana/imav_ws/src/imav24/install/imav24/lib/python3.10/site-packages/imav24/px4_driver.py
/home/ana/imav_ws/src/imav24/install/imav24/lib/python3.10/site-packages/imav24/state1.py
/home/ana/imav_ws/src/imav24/install/imav24/lib/python3.10/site-packages/imav24/state2.py
/home/ana/imav_ws/src/imav24/install/imav24/lib/python3.10/site-packages/imav24/send_command.py
/home/ana/imav_ws/src/imav24/install/imav24/lib/python3.10/site-packages/imav24/camera_pub.py
/home/ana/imav_ws/src/imav24/install/imav24/lib/python3.10/site-packages/imav24/cameraImage.py
/home/ana/imav_ws/src/imav24/install/imav24/lib/python3.10/site-packages/imav24/__pycache__/joystick_control.cpython-310.pyc
/home/ana/imav_ws/src/imav24/install/imav24/lib/python3.10/site-packages/imav24/__pycache__/__init__.cpython-310.pyc
/home/ana/imav_ws/src/imav24/install/imav24/lib/python3.10/site-packages/imav24/__pycache__/SetPhoto.cpython-310.pyc
/home/ana/imav_ws/src/imav24/install/imav24/lib/python3.10/site-packages/imav24/__pycache__/photographer_outdoor.cpython-310.pyc
/home/ana/imav_ws/src/imav24/install/imav24/lib/python3.10/site-packages/imav24/__pycache__/ControlPID_Indoor_line.cpython-310.pyc
/home/ana/imav_ws/src/imav24/install/imav24/lib/python3.10/site-packages/imav24/__pycache__/indoor_smach.cpython-310.pyc
/home/ana/imav_ws/src/imav24/install/imav24/lib/python3.10/site-packages/imav24/__pycache__/go_to_waypoint.cpython-310.pyc
/home/ana/imav_ws/src/imav24/install/imav24/lib/python3.10/site-packages/imav24/__pycache__/aruco_control.cpython-310.pyc
/home/ana/imav_ws/src/imav24/install/imav24/lib/python3.10/site-packages/imav24/__pycache__/line_follower.cpython-310.pyc
/home/ana/imav_ws/src/imav24/install/imav24/lib/python3.10/site-packages/imav24/__pycache__/px4_driver.cpython-310.pyc
/home/ana/imav_ws/src/imav24/install/imav24/lib/python3.10/site-packages/imav24/__pycache__/state1.cpython-310.pyc
/home/ana/imav_ws/src/imav24/install/imav24/lib/python3.10/site-packages/imav24/__pycache__/state2.cpython-310.pyc
/home/ana/imav_ws/src/imav24/install/imav24/lib/python3.10/site-packages/imav24/__pycache__/send_command.cpython-310.pyc
/home/ana/imav_ws/src/imav24/install/imav24/lib/python3.10/site-packages/imav24/__pycache__/camera_pub.cpython-310.pyc
/home/ana/imav_ws/src/imav24/install/imav24/lib/python3.10/site-packages/imav24/__pycache__/cameraImage.cpython-310.pyc
/home/ana/imav_ws/src/imav24/install/imav24/share/ament_index/resource_index/packages/imav24
/home/ana/imav_ws/src/imav24/install/imav24/share/imav24/package.xml
/home/ana/imav_ws/src/imav24/install/imav24/share/imav24/simulador.launch.py
/home/ana/imav_ws/src/imav24/install/imav24/lib/python3.10/site-packages/imav24-0.0.0-py3.10.egg-info/zip-safe
/home/ana/imav_ws/src/imav24/install/imav24/lib/python3.10/site-packages/imav24-0.0.0-py3.10.egg-info/PKG-INFO
/home/ana/imav_ws/src/imav24/install/imav24/lib/python3.10/site-packages/imav24-0.0.0-py3.10.egg-info/requires.txt
/home/ana/imav_ws/src/imav24/install/imav24/lib/python3.10/site-packages/imav24-0.0.0-py3.10.egg-info/top_level.txt
/home/ana/imav_ws/src/imav24/install/imav24/lib/python3.10/site-packages/imav24-0.0.0-py3.10.egg-info/entry_points.txt
/home/ana/imav_ws/src/imav24/install/imav24/lib/python3.10/site-packages/imav24-0.0.0-py3.10.egg-info/dependency_links.txt
/home/ana/imav_ws/src/imav24/install/imav24/lib/python3.10/site-packages/imav24-0.0.0-py3.10.egg-info/SOURCES.txt
/home/ana/imav_ws/src/imav24/install/imav24/lib/imav24/aruco_control
/home/ana/imav_ws/src/imav24/install/imav24/lib/imav24/camera_pub
/home/ana/imav_ws/src/imav24/install/imav24/lib/imav24/go_to_waypoint
/home/ana/imav_ws/src/imav24/install/imav24/lib/imav24/indoor_smach
/home/ana/imav_ws/src/imav24/install/imav24/lib/imav24/joystick_control
/home/ana/imav_ws/src/imav24/install/imav24/lib/imav24/line_follower
/home/ana/imav_ws/src/imav24/install/imav24/lib/imav24/photographer_outdoor
/home/ana/imav_ws/src/imav24/install/imav24/lib/imav24/px4_driver
/home/ana/imav_ws/src/imav24/install/imav24/lib/imav24/send_command
/home/ana/imav_ws/src/imav24/install/imav24/lib/imav24/state1
/home/ana/imav_ws/src/imav24/install/imav24/lib/imav24/state2
