running egg_info
creating build/imav24/imav24.egg-info
writing build/imav24/imav24.egg-info/PKG-INFO
writing dependency_links to build/imav24/imav24.egg-info/dependency_links.txt
writing entry points to build/imav24/imav24.egg-info/entry_points.txt
writing requirements to build/imav24/imav24.egg-info/requires.txt
writing top-level names to build/imav24/imav24.egg-info/top_level.txt
writing manifest file 'build/imav24/imav24.egg-info/SOURCES.txt'
reading manifest file 'build/imav24/imav24.egg-info/SOURCES.txt'
adding license file 'LICENSE'
writing manifest file 'build/imav24/imav24.egg-info/SOURCES.txt'
running build
running build_py
creating /home/ana/imav_ws/src/imav24/build/imav24/build
creating /home/ana/imav_ws/src/imav24/build/imav24/build/lib
creating /home/ana/imav_ws/src/imav24/build/imav24/build/lib/imav24
copying imav24/joystick_control.py -> /home/ana/imav_ws/src/imav24/build/imav24/build/lib/imav24
copying imav24/__init__.py -> /home/ana/imav_ws/src/imav24/build/imav24/build/lib/imav24
copying imav24/SetPhoto.py -> /home/ana/imav_ws/src/imav24/build/imav24/build/lib/imav24
copying imav24/photographer_outdoor.py -> /home/ana/imav_ws/src/imav24/build/imav24/build/lib/imav24
copying imav24/ControlPID_Indoor_line.py -> /home/ana/imav_ws/src/imav24/build/imav24/build/lib/imav24
copying imav24/indoor_smach.py -> /home/ana/imav_ws/src/imav24/build/imav24/build/lib/imav24
copying imav24/go_to_waypoint.py -> /home/ana/imav_ws/src/imav24/build/imav24/build/lib/imav24
copying imav24/aruco_control.py -> /home/ana/imav_ws/src/imav24/build/imav24/build/lib/imav24
copying imav24/line_follower.py -> /home/ana/imav_ws/src/imav24/build/imav24/build/lib/imav24
copying imav24/px4_driver.py -> /home/ana/imav_ws/src/imav24/build/imav24/build/lib/imav24
copying imav24/state1.py -> /home/ana/imav_ws/src/imav24/build/imav24/build/lib/imav24
copying imav24/state2.py -> /home/ana/imav_ws/src/imav24/build/imav24/build/lib/imav24
copying imav24/send_command.py -> /home/ana/imav_ws/src/imav24/build/imav24/build/lib/imav24
copying imav24/camera_pub.py -> /home/ana/imav_ws/src/imav24/build/imav24/build/lib/imav24
copying imav24/cameraImage.py -> /home/ana/imav_ws/src/imav24/build/imav24/build/lib/imav24
running install
running install_lib
creating /home/ana/imav_ws/src/imav24/install/imav24/lib/python3.10/site-packages/imav24
copying /home/ana/imav_ws/src/imav24/build/imav24/build/lib/imav24/joystick_control.py -> /home/ana/imav_ws/src/imav24/install/imav24/lib/python3.10/site-packages/imav24
copying /home/ana/imav_ws/src/imav24/build/imav24/build/lib/imav24/__init__.py -> /home/ana/imav_ws/src/imav24/install/imav24/lib/python3.10/site-packages/imav24
copying /home/ana/imav_ws/src/imav24/build/imav24/build/lib/imav24/SetPhoto.py -> /home/ana/imav_ws/src/imav24/install/imav24/lib/python3.10/site-packages/imav24
copying /home/ana/imav_ws/src/imav24/build/imav24/build/lib/imav24/photographer_outdoor.py -> /home/ana/imav_ws/src/imav24/install/imav24/lib/python3.10/site-packages/imav24
copying /home/ana/imav_ws/src/imav24/build/imav24/build/lib/imav24/ControlPID_Indoor_line.py -> /home/ana/imav_ws/src/imav24/install/imav24/lib/python3.10/site-packages/imav24
copying /home/ana/imav_ws/src/imav24/build/imav24/build/lib/imav24/indoor_smach.py -> /home/ana/imav_ws/src/imav24/install/imav24/lib/python3.10/site-packages/imav24
copying /home/ana/imav_ws/src/imav24/build/imav24/build/lib/imav24/go_to_waypoint.py -> /home/ana/imav_ws/src/imav24/install/imav24/lib/python3.10/site-packages/imav24
copying /home/ana/imav_ws/src/imav24/build/imav24/build/lib/imav24/aruco_control.py -> /home/ana/imav_ws/src/imav24/install/imav24/lib/python3.10/site-packages/imav24
copying /home/ana/imav_ws/src/imav24/build/imav24/build/lib/imav24/line_follower.py -> /home/ana/imav_ws/src/imav24/install/imav24/lib/python3.10/site-packages/imav24
copying /home/ana/imav_ws/src/imav24/build/imav24/build/lib/imav24/px4_driver.py -> /home/ana/imav_ws/src/imav24/install/imav24/lib/python3.10/site-packages/imav24
copying /home/ana/imav_ws/src/imav24/build/imav24/build/lib/imav24/state1.py -> /home/ana/imav_ws/src/imav24/install/imav24/lib/python3.10/site-packages/imav24
copying /home/ana/imav_ws/src/imav24/build/imav24/build/lib/imav24/state2.py -> /home/ana/imav_ws/src/imav24/install/imav24/lib/python3.10/site-packages/imav24
copying /home/ana/imav_ws/src/imav24/build/imav24/build/lib/imav24/send_command.py -> /home/ana/imav_ws/src/imav24/install/imav24/lib/python3.10/site-packages/imav24
copying /home/ana/imav_ws/src/imav24/build/imav24/build/lib/imav24/camera_pub.py -> /home/ana/imav_ws/src/imav24/install/imav24/lib/python3.10/site-packages/imav24
copying /home/ana/imav_ws/src/imav24/build/imav24/build/lib/imav24/cameraImage.py -> /home/ana/imav_ws/src/imav24/install/imav24/lib/python3.10/site-packages/imav24
byte-compiling /home/ana/imav_ws/src/imav24/install/imav24/lib/python3.10/site-packages/imav24/joystick_control.py to joystick_control.cpython-310.pyc
byte-compiling /home/ana/imav_ws/src/imav24/install/imav24/lib/python3.10/site-packages/imav24/__init__.py to __init__.cpython-310.pyc
byte-compiling /home/ana/imav_ws/src/imav24/install/imav24/lib/python3.10/site-packages/imav24/SetPhoto.py to SetPhoto.cpython-310.pyc
byte-compiling /home/ana/imav_ws/src/imav24/install/imav24/lib/python3.10/site-packages/imav24/photographer_outdoor.py to photographer_outdoor.cpython-310.pyc
byte-compiling /home/ana/imav_ws/src/imav24/install/imav24/lib/python3.10/site-packages/imav24/ControlPID_Indoor_line.py to ControlPID_Indoor_line.cpython-310.pyc
byte-compiling /home/ana/imav_ws/src/imav24/install/imav24/lib/python3.10/site-packages/imav24/indoor_smach.py to indoor_smach.cpython-310.pyc
byte-compiling /home/ana/imav_ws/src/imav24/install/imav24/lib/python3.10/site-packages/imav24/go_to_waypoint.py to go_to_waypoint.cpython-310.pyc
byte-compiling /home/ana/imav_ws/src/imav24/install/imav24/lib/python3.10/site-packages/imav24/aruco_control.py to aruco_control.cpython-310.pyc
byte-compiling /home/ana/imav_ws/src/imav24/install/imav24/lib/python3.10/site-packages/imav24/line_follower.py to line_follower.cpython-310.pyc
byte-compiling /home/ana/imav_ws/src/imav24/install/imav24/lib/python3.10/site-packages/imav24/px4_driver.py to px4_driver.cpython-310.pyc
byte-compiling /home/ana/imav_ws/src/imav24/install/imav24/lib/python3.10/site-packages/imav24/state1.py to state1.cpython-310.pyc
byte-compiling /home/ana/imav_ws/src/imav24/install/imav24/lib/python3.10/site-packages/imav24/state2.py to state2.cpython-310.pyc
byte-compiling /home/ana/imav_ws/src/imav24/install/imav24/lib/python3.10/site-packages/imav24/send_command.py to send_command.cpython-310.pyc
byte-compiling /home/ana/imav_ws/src/imav24/install/imav24/lib/python3.10/site-packages/imav24/camera_pub.py to camera_pub.cpython-310.pyc
byte-compiling /home/ana/imav_ws/src/imav24/install/imav24/lib/python3.10/site-packages/imav24/cameraImage.py to cameraImage.cpython-310.pyc
running install_data
creating /home/ana/imav_ws/src/imav24/install/imav24/share/ament_index
creating /home/ana/imav_ws/src/imav24/install/imav24/share/ament_index/resource_index
creating /home/ana/imav_ws/src/imav24/install/imav24/share/ament_index/resource_index/packages
copying resource/imav24 -> /home/ana/imav_ws/src/imav24/install/imav24/share/ament_index/resource_index/packages
copying package.xml -> /home/ana/imav_ws/src/imav24/install/imav24/share/imav24
copying launch/simulador.launch.py -> /home/ana/imav_ws/src/imav24/install/imav24/share/imav24
running install_egg_info
Copying build/imav24/imav24.egg-info to /home/ana/imav_ws/src/imav24/install/imav24/lib/python3.10/site-packages/imav24-0.0.0-py3.10.egg-info
running install_scripts
Installing aruco_control script to /home/ana/imav_ws/src/imav24/install/imav24/lib/imav24
Installing camera_pub script to /home/ana/imav_ws/src/imav24/install/imav24/lib/imav24
Installing go_to_waypoint script to /home/ana/imav_ws/src/imav24/install/imav24/lib/imav24
Installing indoor_smach script to /home/ana/imav_ws/src/imav24/install/imav24/lib/imav24
Installing joystick_control script to /home/ana/imav_ws/src/imav24/install/imav24/lib/imav24
Installing line_follower script to /home/ana/imav_ws/src/imav24/install/imav24/lib/imav24
Installing photographer_outdoor script to /home/ana/imav_ws/src/imav24/install/imav24/lib/imav24
Installing px4_driver script to /home/ana/imav_ws/src/imav24/install/imav24/lib/imav24
Installing send_command script to /home/ana/imav_ws/src/imav24/install/imav24/lib/imav24
Installing state1 script to /home/ana/imav_ws/src/imav24/install/imav24/lib/imav24
Installing state2 script to /home/ana/imav_ws/src/imav24/install/imav24/lib/imav24
writing list of installed files to '/home/ana/imav_ws/src/imav24/build/imav24/install.log'
