[0.284s] DEBUG:colcon:Command line arguments: ['/usr/bin/colcon', 'build']
[0.284s] DEBUG:colcon:Parsed command line arguments: Namespace(log_base=None, log_level=None, verb_name='build', build_base='build', install_base='install', merge_install=False, symlink_install=False, test_result_base=None, continue_on_error=False, executor='parallel', parallel_workers=12, event_handlers=None, ignore_user_meta=False, metas=['./colcon.meta'], base_paths=['.'], packages_ignore=None, packages_ignore_regex=None, paths=None, packages_up_to=None, packages_up_to_regex=None, packages_above=None, packages_above_and_dependencies=None, packages_above_depth=None, packages_select_by_dep=None, packages_skip_by_dep=None, packages_skip_up_to=None, packages_select_build_failed=False, packages_skip_build_finished=False, packages_select_test_failures=False, packages_skip_test_passed=False, packages_select=None, packages_skip=None, packages_select_regex=None, packages_skip_regex=None, packages_start=None, packages_end=None, allow_overriding=[], cmake_args=None, cmake_target=None, cmake_target_skip_unavailable=False, cmake_clean_cache=False, cmake_clean_first=False, cmake_force_configure=False, ament_cmake_args=None, catkin_cmake_args=None, catkin_skip_building_tests=False, mixin_files=None, mixin=None, verb_parser=<colcon_mixin.mixin.mixin_argument.MixinArgumentDecorator object at 0x7b2bc3d36590>, verb_extension=<colcon_core.verb.build.BuildVerb object at 0x7b2bc3eaa1d0>, main=<bound method BuildVerb.main of <colcon_core.verb.build.BuildVerb object at 0x7b2bc3eaa1d0>>, mixin_verb=('build',))
[0.511s] Level 1:colcon.colcon_core.package_discovery:discover_packages(colcon_meta) check parameters
[0.511s] Level 1:colcon.colcon_core.package_discovery:discover_packages(recursive) check parameters
[0.511s] Level 1:colcon.colcon_core.package_discovery:discover_packages(ignore) check parameters
[0.511s] Level 1:colcon.colcon_core.package_discovery:discover_packages(path) check parameters
[0.511s] Level 1:colcon.colcon_core.package_discovery:discover_packages(colcon_meta) discover
[0.511s] Level 1:colcon.colcon_core.package_discovery:discover_packages(recursive) discover
[0.511s] INFO:colcon.colcon_core.package_discovery:Crawling recursively for packages in '/home/ana/imav_ws/src/imav24'
[0.511s] Level 1:colcon.colcon_core.package_identification:_identify(.) by extensions ['ignore', 'ignore_ament_install']
[0.511s] Level 1:colcon.colcon_core.package_identification:_identify(.) by extension 'ignore'
[0.512s] Level 1:colcon.colcon_core.package_identification:_identify(.) by extension 'ignore_ament_install'
[0.512s] Level 1:colcon.colcon_core.package_identification:_identify(.) by extensions ['colcon_pkg']
[0.512s] Level 1:colcon.colcon_core.package_identification:_identify(.) by extension 'colcon_pkg'
[0.512s] Level 1:colcon.colcon_core.package_identification:_identify(.) by extensions ['colcon_meta']
[0.512s] Level 1:colcon.colcon_core.package_identification:_identify(.) by extension 'colcon_meta'
[0.512s] Level 1:colcon.colcon_core.package_identification:_identify(.) by extensions ['ros']
[0.512s] Level 1:colcon.colcon_core.package_identification:_identify(.) by extension 'ros'
[0.530s] DEBUG:colcon.colcon_core.package_identification:Package '.' with type 'ros.ament_python' and name 'imav24'
[0.530s] Level 1:colcon.colcon_core.package_discovery:discover_packages(recursive) using defaults
[0.530s] Level 1:colcon.colcon_core.package_discovery:discover_packages(ignore) discover
[0.531s] Level 1:colcon.colcon_core.package_discovery:discover_packages(ignore) using defaults
[0.531s] Level 1:colcon.colcon_core.package_discovery:discover_packages(path) discover
[0.531s] Level 1:colcon.colcon_core.package_discovery:discover_packages(path) using defaults
[0.564s] Level 1:colcon.colcon_core.package_discovery:discover_packages(prefix_path) check parameters
[0.564s] Level 1:colcon.colcon_core.package_discovery:discover_packages(prefix_path) discover
[0.571s] DEBUG:colcon.colcon_installed_package_information.package_discovery:Found 2 installed packages in /home/ana/imav_ws/install
[0.573s] DEBUG:colcon.colcon_installed_package_information.package_discovery:Found 285 installed packages in /opt/ros/humble
[0.574s] Level 1:colcon.colcon_core.package_discovery:discover_packages(prefix_path) using defaults
[0.662s] Level 5:colcon.colcon_core.verb:set package 'imav24' build argument 'cmake_args' from command line to 'None'
[0.662s] Level 5:colcon.colcon_core.verb:set package 'imav24' build argument 'cmake_target' from command line to 'None'
[0.662s] Level 5:colcon.colcon_core.verb:set package 'imav24' build argument 'cmake_target_skip_unavailable' from command line to 'False'
[0.662s] Level 5:colcon.colcon_core.verb:set package 'imav24' build argument 'cmake_clean_cache' from command line to 'False'
[0.662s] Level 5:colcon.colcon_core.verb:set package 'imav24' build argument 'cmake_clean_first' from command line to 'False'
[0.662s] Level 5:colcon.colcon_core.verb:set package 'imav24' build argument 'cmake_force_configure' from command line to 'False'
[0.662s] Level 5:colcon.colcon_core.verb:set package 'imav24' build argument 'ament_cmake_args' from command line to 'None'
[0.662s] Level 5:colcon.colcon_core.verb:set package 'imav24' build argument 'catkin_cmake_args' from command line to 'None'
[0.662s] Level 5:colcon.colcon_core.verb:set package 'imav24' build argument 'catkin_skip_building_tests' from command line to 'False'
[0.662s] DEBUG:colcon.colcon_core.verb:Building package 'imav24' with the following arguments: {'ament_cmake_args': None, 'build_base': '/home/ana/imav_ws/src/imav24/build/imav24', 'catkin_cmake_args': None, 'catkin_skip_building_tests': False, 'cmake_args': None, 'cmake_clean_cache': False, 'cmake_clean_first': False, 'cmake_force_configure': False, 'cmake_target': None, 'cmake_target_skip_unavailable': False, 'install_base': '/home/ana/imav_ws/src/imav24/install/imav24', 'merge_install': False, 'path': '/home/ana/imav_ws/src/imav24', 'symlink_install': False, 'test_result_base': None}
[0.663s] INFO:colcon.colcon_core.executor:Executing jobs using 'parallel' executor
[0.664s] DEBUG:colcon.colcon_parallel_executor.executor.parallel:run_until_complete
[0.664s] INFO:colcon.colcon_ros.task.ament_python.build:Building ROS package in '/home/ana/imav_ws/src/imav24' with build type 'ament_python'
[0.664s] Level 1:colcon.colcon_core.shell:create_environment_hook('imav24', 'ament_prefix_path')
[0.669s] INFO:colcon.colcon_core.plugin_system:Skipping extension 'colcon_core.shell.bat': Not used on non-Windows systems
[0.669s] INFO:colcon.colcon_core.shell:Creating environment hook '/home/ana/imav_ws/src/imav24/install/imav24/share/imav24/hook/ament_prefix_path.ps1'
[0.670s] INFO:colcon.colcon_core.shell:Creating environment descriptor '/home/ana/imav_ws/src/imav24/install/imav24/share/imav24/hook/ament_prefix_path.dsv'
[0.671s] INFO:colcon.colcon_core.shell:Creating environment hook '/home/ana/imav_ws/src/imav24/install/imav24/share/imav24/hook/ament_prefix_path.sh'
[0.672s] INFO:colcon.colcon_core.shell:Skip shell extension 'powershell' for command environment: Not usable outside of PowerShell
[0.672s] DEBUG:colcon.colcon_core.shell:Skip shell extension 'dsv' for command environment
[0.924s] INFO:colcon.colcon_core.task.python.build:Building Python package in '/home/ana/imav_ws/src/imav24'
[0.925s] INFO:colcon.colcon_core.shell:Skip shell extension 'powershell' for command environment: Not usable outside of PowerShell
[0.925s] DEBUG:colcon.colcon_core.shell:Skip shell extension 'dsv' for command environment
[1.326s] DEBUG:colcon.colcon_core.event_handler.log_command:Invoking command in '/home/ana/imav_ws/src/imav24': PYTHONPATH=/home/ana/imav_ws/src/imav24/build/imav24/prefix_override:/usr/lib/python3/dist-packages/colcon_core/task/python/colcon_distutils_commands:/home/ana/imav_ws/src/imav24/install/imav24/lib/python3.10/site-packages:${PYTHONPATH} /usr/bin/python3 -W ignore:setup.py install is deprecated setup.py egg_info --egg-base build/imav24 build --build-base /home/ana/imav_ws/src/imav24/build/imav24/build install --record /home/ana/imav_ws/src/imav24/build/imav24/install.log --single-version-externally-managed install_data
[1.622s] DEBUG:colcon.colcon_core.event_handler.log_command:Invoked command in '/home/ana/imav_ws/src/imav24' returned '0': PYTHONPATH=/home/ana/imav_ws/src/imav24/build/imav24/prefix_override:/usr/lib/python3/dist-packages/colcon_core/task/python/colcon_distutils_commands:/home/ana/imav_ws/src/imav24/install/imav24/lib/python3.10/site-packages:${PYTHONPATH} /usr/bin/python3 -W ignore:setup.py install is deprecated setup.py egg_info --egg-base build/imav24 build --build-base /home/ana/imav_ws/src/imav24/build/imav24/build install --record /home/ana/imav_ws/src/imav24/build/imav24/install.log --single-version-externally-managed install_data
[1.626s] Level 1:colcon.colcon_core.environment:checking '/home/ana/imav_ws/src/imav24/install/imav24' for CMake module files
[1.627s] Level 1:colcon.colcon_core.environment:checking '/home/ana/imav_ws/src/imav24/install/imav24' for CMake config files
[1.628s] Level 1:colcon.colcon_core.environment:checking '/home/ana/imav_ws/src/imav24/install/imav24/lib'
[1.628s] Level 1:colcon.colcon_core.environment:checking '/home/ana/imav_ws/src/imav24/install/imav24/bin'
[1.628s] Level 1:colcon.colcon_core.environment:checking '/home/ana/imav_ws/src/imav24/install/imav24/lib/pkgconfig/imav24.pc'
[1.628s] Level 1:colcon.colcon_core.environment:checking '/home/ana/imav_ws/src/imav24/install/imav24/lib/python3.10/site-packages'
[1.628s] Level 1:colcon.colcon_core.shell:create_environment_hook('imav24', 'pythonpath')
[1.629s] INFO:colcon.colcon_core.shell:Creating environment hook '/home/ana/imav_ws/src/imav24/install/imav24/share/imav24/hook/pythonpath.ps1'
[1.630s] INFO:colcon.colcon_core.shell:Creating environment descriptor '/home/ana/imav_ws/src/imav24/install/imav24/share/imav24/hook/pythonpath.dsv'
[1.630s] INFO:colcon.colcon_core.shell:Creating environment hook '/home/ana/imav_ws/src/imav24/install/imav24/share/imav24/hook/pythonpath.sh'
[1.630s] Level 1:colcon.colcon_core.environment:checking '/home/ana/imav_ws/src/imav24/install/imav24/bin'
[1.630s] Level 1:colcon.colcon_core.environment:create_environment_scripts_only(imav24)
[1.631s] INFO:colcon.colcon_core.shell:Creating package script '/home/ana/imav_ws/src/imav24/install/imav24/share/imav24/package.ps1'
[1.631s] INFO:colcon.colcon_core.shell:Creating package descriptor '/home/ana/imav_ws/src/imav24/install/imav24/share/imav24/package.dsv'
[1.632s] INFO:colcon.colcon_core.shell:Creating package script '/home/ana/imav_ws/src/imav24/install/imav24/share/imav24/package.sh'
[1.632s] INFO:colcon.colcon_core.shell:Creating package script '/home/ana/imav_ws/src/imav24/install/imav24/share/imav24/package.bash'
[1.633s] INFO:colcon.colcon_core.shell:Creating package script '/home/ana/imav_ws/src/imav24/install/imav24/share/imav24/package.zsh'
[1.634s] Level 1:colcon.colcon_core.environment:create_file_with_runtime_dependencies(/home/ana/imav_ws/src/imav24/install/imav24/share/colcon-core/packages/imav24)
[1.634s] DEBUG:colcon.colcon_parallel_executor.executor.parallel:closing loop
[1.634s] DEBUG:colcon.colcon_parallel_executor.executor.parallel:loop closed
[1.634s] DEBUG:colcon.colcon_parallel_executor.executor.parallel:run_until_complete finished with '0'
[1.634s] DEBUG:colcon.colcon_core.event_reactor:joining thread
[1.650s] INFO:colcon.colcon_core.plugin_system:Skipping extension 'colcon_notification.desktop_notification.terminal_notifier': Not used on non-Darwin systems
[1.651s] INFO:colcon.colcon_core.plugin_system:Skipping extension 'colcon_notification.desktop_notification.win32': Not used on non-Windows systems
[1.651s] INFO:colcon.colcon_notification.desktop_notification:Sending desktop notification using 'notify2'
[1.686s] DEBUG:colcon.colcon_core.event_reactor:joined thread
[1.687s] INFO:colcon.colcon_core.shell:Creating prefix script '/home/ana/imav_ws/src/imav24/install/local_setup.ps1'
[1.688s] INFO:colcon.colcon_core.shell:Creating prefix util module '/home/ana/imav_ws/src/imav24/install/_local_setup_util_ps1.py'
[1.689s] INFO:colcon.colcon_core.shell:Creating prefix chain script '/home/ana/imav_ws/src/imav24/install/setup.ps1'
[1.690s] INFO:colcon.colcon_core.shell:Creating prefix script '/home/ana/imav_ws/src/imav24/install/local_setup.sh'
[1.691s] INFO:colcon.colcon_core.shell:Creating prefix util module '/home/ana/imav_ws/src/imav24/install/_local_setup_util_sh.py'
[1.692s] INFO:colcon.colcon_core.shell:Creating prefix chain script '/home/ana/imav_ws/src/imav24/install/setup.sh'
[1.692s] INFO:colcon.colcon_core.shell:Creating prefix script '/home/ana/imav_ws/src/imav24/install/local_setup.bash'
[1.693s] INFO:colcon.colcon_core.shell:Creating prefix chain script '/home/ana/imav_ws/src/imav24/install/setup.bash'
[1.694s] INFO:colcon.colcon_core.shell:Creating prefix script '/home/ana/imav_ws/src/imav24/install/local_setup.zsh'
[1.695s] INFO:colcon.colcon_core.shell:Creating prefix chain script '/home/ana/imav_ws/src/imav24/install/setup.zsh'
